c:\users\hites\desktop\database-project\database-project\backend\engine\build\db_engine.dir\debug\vc143.pdb
c:\users\hites\desktop\database-project\database-project\backend\engine\build\db_engine.dir\debug\logger.obj
c:\users\hites\desktop\database-project\database-project\backend\engine\build\db_engine.dir\debug\wal.obj
c:\users\hites\desktop\database-project\database-project\backend\engine\build\db_engine.dir\debug\storage.obj
c:\users\hites\desktop\database-project\database-project\backend\engine\build\db_engine.dir\debug\database_engine.obj
c:\users\hites\desktop\database-project\database-project\backend\engine\build\db_engine.dir\debug\main.obj
c:\users\hites\desktop\database-project\database-project\backend\engine\build\cmakefiles\generate.stamp
c:\users\hites\desktop\database-project\database-project\backend\engine\build\debug\db_engine.pdb
c:\users\hites\desktop\database-project\database-project\backend\engine\build\db_engine.dir\debug\db_engine.tlog\cl.command.1.tlog
c:\users\hites\desktop\database-project\database-project\backend\engine\build\db_engine.dir\debug\db_engine.tlog\cl.read.1.tlog
c:\users\hites\desktop\database-project\database-project\backend\engine\build\db_engine.dir\debug\db_engine.tlog\cl.write.1.tlog
c:\users\hites\desktop\database-project\database-project\backend\engine\build\db_engine.dir\debug\db_engine.tlog\custombuild.command.1.tlog
c:\users\hites\desktop\database-project\database-project\backend\engine\build\db_engine.dir\debug\db_engine.tlog\custombuild.read.1.tlog
c:\users\hites\desktop\database-project\database-project\backend\engine\build\db_engine.dir\debug\db_engine.tlog\custombuild.write.1.tlog
c:\users\hites\desktop\database-project\database-project\backend\engine\build\db_engine.dir\debug\db_engine.tlog\link-cvtres.read.1.tlog
c:\users\hites\desktop\database-project\database-project\backend\engine\build\db_engine.dir\debug\db_engine.tlog\link-cvtres.write.1.tlog
c:\users\hites\desktop\database-project\database-project\backend\engine\build\db_engine.dir\debug\db_engine.tlog\link-rc.read.1.tlog
c:\users\hites\desktop\database-project\database-project\backend\engine\build\db_engine.dir\debug\db_engine.tlog\link-rc.write.1.tlog
c:\users\hites\desktop\database-project\database-project\backend\engine\build\db_engine.dir\debug\db_engine.tlog\link.command.1.tlog
c:\users\hites\desktop\database-project\database-project\backend\engine\build\db_engine.dir\debug\db_engine.tlog\link.read.1.tlog
c:\users\hites\desktop\database-project\database-project\backend\engine\build\db_engine.dir\debug\db_engine.tlog\link.read.2.tlog
c:\users\hites\desktop\database-project\database-project\backend\engine\build\db_engine.dir\debug\db_engine.tlog\link.read.3.tlog
c:\users\hites\desktop\database-project\database-project\backend\engine\build\db_engine.dir\debug\db_engine.tlog\link.read.4.tlog
c:\users\hites\desktop\database-project\database-project\backend\engine\build\db_engine.dir\debug\db_engine.tlog\link.write.1.tlog
